0 info it worked if it ends with ok
1 verbose cli [ 'C:\\Nodist\\v-x64\\6.2.0\\node.exe',
1 verbose cli   'C:\\Nodist\\npmv\\3.9.2\\bin\\npm-cli.js',
1 verbose cli   'start' ]
2 info using npm@3.9.2
3 info using node@v6.2.0
4 verbose run-script [ 'prestart', 'start', 'poststart' ]
5 info lifecycle node-tutorial2@0.0.0~prestart: node-tutorial2@0.0.0
6 silly lifecycle node-tutorial2@0.0.0~prestart: no script for prestart, continuing
7 info lifecycle node-tutorial2@0.0.0~start: node-tutorial2@0.0.0
8 verbose lifecycle node-tutorial2@0.0.0~start: unsafe-perm in lifecycle true
9 verbose lifecycle node-tutorial2@0.0.0~start: PATH: C:\Nodist\npmv\3.9.2\bin\node-gyp-bin;D:\xampp\htdocs\node-tutorial2\node_modules\.bin;C:\Nodist\v-x64\6.2.0;C:\Users\uds\bin;D:\Git\mingw64\bin;D:\Git\usr\local\bin;D:\Git\usr\bin;D:\Git\usr\bin;D:\Git\mingw64\bin;D:\Git\usr\bin;C:\Users\uds\bin;C:\Program Files\Common Files\Microsoft Shared\Windows Live;C:\Program Files (x86)\Common Files\Microsoft Shared\Windows Live;C:\Windows\system32;C:\Windows;C:\Windows\System32\Wbem;C:\Windows\System32\WindowsPowerShell\v1.0;C:\Program Files (x86)\ATI Technologies\ATI.ACE\Core-Static;C:\Program Files (x86)\Windows Live\Shared;C:\Program Files (x86)\Common Files\Roxio Shared\DLLShared;C:\Program Files (x86)\Common Files\Roxio Shared\OEM\DLLShared;C:\Program Files (x86)\Common Files\Roxio Shared\OEM\DLLShared;C:\Program Files (x86)\Common Files\Roxio Shared\OEM\12.0\DLLShared;C:\Program Files (x86)\Roxio\OEM\AudioCore;C:\Program Files (x86)\Skype\Phone;C:\Git\cmd;D:\Git\cmd;C:\Program Files\TortoiseGit\bin;C:\Nodist\bin;D:\Ruby23-x64\bin;C:\Ruby23-x64\bin;C:\Users\uds\AppData\Local\atom\bin;D:\Git\usr\bin\vendor_perl;D:\Git\usr\bin\core_perl
10 verbose lifecycle node-tutorial2@0.0.0~start: CWD: D:\xampp\htdocs\node-tutorial2
11 silly lifecycle node-tutorial2@0.0.0~start: Args: [ '/d /s /c', 'gulp start' ]
12 silly lifecycle node-tutorial2@0.0.0~start: Returned: code: 1  signal: null
13 info lifecycle node-tutorial2@0.0.0~start: Failed to exec start script
14 verbose stack Error: node-tutorial2@0.0.0 start: `gulp start`
14 verbose stack Exit status 1
14 verbose stack     at EventEmitter.<anonymous> (C:\Nodist\npmv\3.9.2\lib\utils\lifecycle.js:245:16)
14 verbose stack     at emitTwo (events.js:106:13)
14 verbose stack     at EventEmitter.emit (events.js:191:7)
14 verbose stack     at ChildProcess.<anonymous> (C:\Nodist\npmv\3.9.2\lib\utils\spawn.js:24:14)
14 verbose stack     at emitTwo (events.js:106:13)
14 verbose stack     at ChildProcess.emit (events.js:191:7)
14 verbose stack     at maybeClose (internal/child_process.js:850:16)
14 verbose stack     at Process.ChildProcess._handle.onexit (internal/child_process.js:215:5)
15 verbose pkgid node-tutorial2@0.0.0
16 verbose cwd D:\xampp\htdocs\node-tutorial2
17 error Windows_NT 6.1.7601
18 error argv "C:\\Nodist\\v-x64\\6.2.0\\node.exe" "C:\\Nodist\\npmv\\3.9.2\\bin\\npm-cli.js" "start"
19 error node v6.2.0
20 error npm  v3.9.2
21 error code ELIFECYCLE
22 error node-tutorial2@0.0.0 start: `gulp start`
22 error Exit status 1
23 error Failed at the node-tutorial2@0.0.0 start script 'gulp start'.
23 error Make sure you have the latest version of node.js and npm installed.
23 error If you do, this is most likely a problem with the node-tutorial2 package,
23 error not with npm itself.
23 error Tell the author that this fails on your system:
23 error     gulp start
23 error You can get information on how to open an issue for this project with:
23 error     npm bugs node-tutorial2
23 error Or if that isn't available, you can get their info via:
23 error     npm owner ls node-tutorial2
23 error There is likely additional logging output above.
24 verbose exit [ 1, true ]
